0 info it worked if it ends with ok
1 verbose cli [ '/home/aleksey/.nvm/versions/node/v6.0.0/bin/node',
1 verbose cli   '/home/aleksey/.nvm/versions/node/v6.0.0/bin/npm',
1 verbose cli   'run',
1 verbose cli   'babel-node',
1 verbose cli   'server/bin/slack.js' ]
2 info using npm@3.8.6
3 info using node@v6.0.0
4 verbose run-script [ 'prebabel-node', 'babel-node', 'postbabel-node' ]
5 info lifecycle hexlet_slack_analog@0.0.1~prebabel-node: hexlet_slack_analog@0.0.1
6 silly lifecycle hexlet_slack_analog@0.0.1~prebabel-node: no script for prebabel-node, continuing
7 info lifecycle hexlet_slack_analog@0.0.1~babel-node: hexlet_slack_analog@0.0.1
8 verbose lifecycle hexlet_slack_analog@0.0.1~babel-node: unsafe-perm in lifecycle true
9 verbose lifecycle hexlet_slack_analog@0.0.1~babel-node: PATH: /home/aleksey/.nvm/versions/node/v6.0.0/lib/node_modules/npm/bin/node-gyp-bin:/home/aleksey/hexlet_slack_analog/node_modules/.bin:/home/aleksey/.nvm/versions/node/v6.0.0/bin:/home/aleksey/hexlet_slack_analog/node_modules/.bin:/home/aleksey/.nvm/versions/node/v6.0.0/lib/node_modules/npm/bin/node-gyp-bin:/home/aleksey/hexlet_slack_analog/node_modules/.bin:/home/aleksey/.nvm/versions/node/v6.0.0/bin:/home/aleksey/.nvm/versions/node/v6.0.0/bin:/home/aleksey/bin:/home/aleksey/.local/bin:/usr/local/sbin:/usr/local/bin:/usr/sbin:/usr/bin:/sbin:/bin:/usr/games:/usr/local/games:/snap/bin
10 verbose lifecycle hexlet_slack_analog@0.0.1~babel-node: CWD: /home/aleksey/hexlet_slack_analog
11 silly lifecycle hexlet_slack_analog@0.0.1~babel-node: Args: [ '-c', 'babel-node "server/bin/slack.js"' ]
12 info lifecycle hexlet_slack_analog@0.0.1~babel-node: Failed to exec babel-node script
13 verbose stack Error: hexlet_slack_analog@0.0.1 babel-node: `babel-node "server/bin/slack.js"`
13 verbose stack spawn ENOENT
13 verbose stack     at ChildProcess.<anonymous> (/home/aleksey/.nvm/versions/node/v6.0.0/lib/node_modules/npm/lib/utils/spawn.js:17:16)
13 verbose stack     at emitTwo (events.js:106:13)
13 verbose stack     at ChildProcess.emit (events.js:191:7)
13 verbose stack     at maybeClose (internal/child_process.js:850:16)
13 verbose stack     at Process.ChildProcess._handle.onexit (internal/child_process.js:215:5)
14 verbose pkgid hexlet_slack_analog@0.0.1
15 verbose cwd /home/aleksey/hexlet_slack_analog
16 error Linux 4.15.0-32-generic
17 error argv "/home/aleksey/.nvm/versions/node/v6.0.0/bin/node" "/home/aleksey/.nvm/versions/node/v6.0.0/bin/npm" "run" "babel-node" "server/bin/slack.js"
18 error node v6.0.0
19 error npm  v3.8.6
20 error file sh
21 error code ELIFECYCLE
22 error errno ENOENT
23 error syscall spawn
24 error hexlet_slack_analog@0.0.1 babel-node: `babel-node "server/bin/slack.js"`
24 error spawn ENOENT
25 error Failed at the hexlet_slack_analog@0.0.1 babel-node script 'babel-node "server/bin/slack.js"'.
25 error Make sure you have the latest version of node.js and npm installed.
25 error If you do, this is most likely a problem with the hexlet_slack_analog package,
25 error not with npm itself.
25 error Tell the author that this fails on your system:
25 error     babel-node "server/bin/slack.js"
25 error You can get information on how to open an issue for this project with:
25 error     npm bugs hexlet_slack_analog
25 error Or if that isn't available, you can get their info via:
25 error     npm owner ls hexlet_slack_analog
25 error There is likely additional logging output above.
26 verbose exit [ 1, true ]
